================================================================================
                               SOM and Random Forest Model                        
================================================================================

Using training file: /Users/chancehaycock/dev/machine_learning/px402/src/models/som_and_rf_alpha/train.csv

Using nested cross validation...
Outer Loop (Model Performance Estimation) using 10 folds. Random State: 123
Inner Loop (Hyper-parameter optimisation) using 5 folds. Random State: 123

Using 22 features:

Period_1
Period_2
amp_ratio_21
k2_teff
k2_rad
k2_mass
abs_magnitude
lc_amplitude
p2p_98
p2p_mean
stddev
kurtosis
skew
iqr
mad
max_binned_p2p
mean_binned_p2p
RRab_dist
EA_dist
EB_dist
GDOR_DSCUT_dist
template_dist

Inner loop is optimising over parameter space:
{'n_estimators': [300, 400, 500, 600], 'min_samples_split': [2, 3, 4, 5, 6], 'max_features': [4, 5, 6, 7, 8]}


Best Parameters for outer loop 0: {'max_features': 4, 'min_samples_split': 6, 'n_estimators': 500}

Report:
              precision    recall  f1-score   support

       DSCUT       1.00      1.00      1.00        11
          EA       1.00      0.92      0.96        13
          EB       0.87      1.00      0.93        13
        GDOR       0.90      0.82      0.86        11
       Noise       1.00      1.00      1.00        13
      OTHPER       0.92      1.00      0.96        12
        RRab       1.00      0.91      0.95        11

    accuracy                           0.95        84
   macro avg       0.96      0.95      0.95        84
weighted avg       0.96      0.95      0.95        84

Best Parameters for outer loop 1: {'max_features': 4, 'min_samples_split': 5, 'n_estimators': 400}

Report:
              precision    recall  f1-score   support

       DSCUT       1.00      0.91      0.95        11
          EA       1.00      0.75      0.86        12
          EB       0.87      1.00      0.93        13
        GDOR       0.83      1.00      0.91        10
       Noise       0.93      1.00      0.96        13
      OTHPER       1.00      1.00      1.00        12
        RRab       1.00      0.91      0.95        11

    accuracy                           0.94        82
   macro avg       0.95      0.94      0.94        82
weighted avg       0.95      0.94      0.94        82

Best Parameters for outer loop 2: {'max_features': 4, 'min_samples_split': 4, 'n_estimators': 500}

Report:
              precision    recall  f1-score   support

       DSCUT       1.00      1.00      1.00        11
          EA       0.85      0.92      0.88        12
          EB       0.87      1.00      0.93        13
        GDOR       1.00      0.70      0.82        10
       Noise       1.00      1.00      1.00        12
      OTHPER       1.00      1.00      1.00        12
        RRab       1.00      1.00      1.00        11

    accuracy                           0.95        81
   macro avg       0.96      0.95      0.95        81
weighted avg       0.96      0.95      0.95        81

Best Parameters for outer loop 3: {'max_features': 4, 'min_samples_split': 3, 'n_estimators': 400}

Report:
              precision    recall  f1-score   support

       DSCUT       1.00      1.00      1.00        11
          EA       1.00      0.92      0.96        12
          EB       0.93      1.00      0.96        13
        GDOR       1.00      0.70      0.82        10
       Noise       0.80      1.00      0.89        12
      OTHPER       1.00      1.00      1.00        11
        RRab       1.00      1.00      1.00        11

    accuracy                           0.95        80
   macro avg       0.96      0.95      0.95        80
weighted avg       0.96      0.95      0.95        80

Best Parameters for outer loop 4: {'max_features': 4, 'min_samples_split': 4, 'n_estimators': 300}

Report:
              precision    recall  f1-score   support

       DSCUT       1.00      0.91      0.95        11
          EA       1.00      0.83      0.91        12
          EB       0.92      0.92      0.92        13
        GDOR       0.91      1.00      0.95        10
       Noise       0.80      1.00      0.89        12
      OTHPER       1.00      0.91      0.95        11
        RRab       1.00      1.00      1.00        11

    accuracy                           0.94        80
   macro avg       0.95      0.94      0.94        80
weighted avg       0.95      0.94      0.94        80

Best Parameters for outer loop 5: {'max_features': 4, 'min_samples_split': 3, 'n_estimators': 300}

Report:
              precision    recall  f1-score   support

       DSCUT       1.00      1.00      1.00        11
          EA       1.00      0.83      0.91        12
          EB       0.93      1.00      0.96        13
        GDOR       0.90      0.90      0.90        10
       Noise       0.86      1.00      0.92        12
      OTHPER       1.00      0.91      0.95        11
        RRab       0.91      0.91      0.91        11

    accuracy                           0.94        80
   macro avg       0.94      0.94      0.94        80
weighted avg       0.94      0.94      0.94        80

Best Parameters for outer loop 6: {'max_features': 4, 'min_samples_split': 3, 'n_estimators': 600}

Report:
              precision    recall  f1-score   support

       DSCUT       0.92      1.00      0.96        11
          EA       1.00      0.92      0.96        12
          EB       1.00      0.83      0.91        12
        GDOR       0.91      1.00      0.95        10
       Noise       0.86      1.00      0.92        12
      OTHPER       1.00      1.00      1.00        11
        RRab       1.00      0.91      0.95        11

    accuracy                           0.95        79
   macro avg       0.95      0.95      0.95        79
weighted avg       0.96      0.95      0.95        79

Best Parameters for outer loop 7: {'max_features': 4, 'min_samples_split': 3, 'n_estimators': 500}

Report:
              precision    recall  f1-score   support

       DSCUT       1.00      1.00      1.00        11
          EA       0.85      0.92      0.88        12
          EB       0.85      0.92      0.88        12
        GDOR       0.91      1.00      0.95        10
       Noise       1.00      0.92      0.96        12
      OTHPER       1.00      0.82      0.90        11
        RRab       1.00      1.00      1.00        10

    accuracy                           0.94        78
   macro avg       0.94      0.94      0.94        78
weighted avg       0.94      0.94      0.94        78

Best Parameters for outer loop 8: {'max_features': 4, 'min_samples_split': 3, 'n_estimators': 400}

Report:
              precision    recall  f1-score   support

       DSCUT       1.00      1.00      1.00        10
          EA       0.75      1.00      0.86        12
          EB       1.00      0.83      0.91        12
        GDOR       1.00      1.00      1.00        10
       Noise       1.00      0.83      0.91        12
      OTHPER       1.00      1.00      1.00        11
        RRab       1.00      1.00      1.00        10

    accuracy                           0.95        77
   macro avg       0.96      0.95      0.95        77
weighted avg       0.96      0.95      0.95        77

Best Parameters for outer loop 9: {'max_features': 4, 'min_samples_split': 2, 'n_estimators': 300}

Report:
              precision    recall  f1-score   support

       DSCUT       1.00      1.00      1.00        10
          EA       0.71      1.00      0.83        12
          EB       1.00      0.92      0.96        12
        GDOR       0.91      1.00      0.95        10
       Noise       1.00      0.58      0.74        12
      OTHPER       1.00      1.00      1.00        11
        RRab       1.00      1.00      1.00        10

    accuracy                           0.92        77
   macro avg       0.94      0.93      0.92        77
weighted avg       0.94      0.92      0.92        77


Average Confusion Matrix over 10 runs:
[[0.982 0.    0.009 0.009 0.    0.    0.   ]
 [0.    0.901 0.033 0.024 0.033 0.    0.008]
 [0.008 0.017 0.942 0.025 0.008 0.    0.   ]
 [0.    0.02  0.039 0.912 0.02  0.009 0.   ]
 [0.    0.058 0.008 0.    0.933 0.    0.   ]
 [0.    0.018 0.    0.009 0.009 0.964 0.   ]
 [0.    0.    0.009 0.    0.027 0.    0.964]]

Std Dev of Confusion Matrix over 10 runs:
[[0.036 0.    0.027 0.027 0.    0.    0.   ]
 [0.    0.073 0.041 0.053 0.041 0.    0.025]
 [0.025 0.05  0.065 0.038 0.023 0.    0.   ]
 [0.    0.06  0.048 0.121 0.06  0.027 0.   ]
 [0.    0.129 0.025 0.    0.128 0.    0.   ]
 [0.    0.055 0.    0.027 0.027 0.06  0.   ]
 [0.    0.    0.027 0.    0.042 0.    0.045]]

Average Feature Importances over 10 runs:
[0.141 0.093 0.012 0.036 0.026 0.042 0.02  0.038 0.082 0.006 0.053 0.065
 0.074 0.06  0.055 0.042 0.012 0.03  0.033 0.035 0.034 0.012]

Std Dev of  Feature Importances over 10 runs:
[0.003 0.003 0.001 0.002 0.003 0.003 0.001 0.003 0.004 0.001 0.002 0.003
 0.002 0.003 0.003 0.002 0.001 0.003 0.002 0.003 0.003 0.001]

Confusion Matrix plot saved at /Users/chancehaycock/dev/machine_learning/px402/src/models/som_and_rf_alpha/confusion_matrix_3.pdf

Feature Importance plot saved at /Users/chancehaycock/dev/machine_learning/px402/src/models/som_and_rf_alpha/feature_importance_3.pdf

Overall Model Generalisation Score:
0.942 +/- 0.0091




Now using cross validation to find optimal hyper-parameters for the whole dataset.

Best parameters for whole data set: {'max_features': 4, 'min_samples_split': 6, 'n_estimators': 400}


Model Evaluation Complete.
